<?xml version="1.0" encoding="UTF-8"?>
<!-- Generated by org.testng.reporters.JUnitReportReporter -->
<testsuite hostname="LAPTOP-57LP5Q19" failures="0" tests="1" name="runner.TestRunner" time="22.575" errors="0" timestamp="2024-02-14T12:21:49 EST" skipped="0">
  <testcase classname="runner.TestRunner" name="runScenario" time="22.575"/>
</testsuite> <!-- runner.TestRunner -->
